[2017-09-22 19:42:15.471] [INFO] default - application running on port 3000
[2017-09-22 19:43:32.490] [INFO] default - application running on port 3000
[2017-09-22 19:45:19.089] [INFO] default - application running on port 3000
[2017-09-22 19:45:54.260] [INFO] default - application running on port 3000
[2017-09-22 19:47:38.583] [INFO] default - application running on port 3000
[2017-09-22 19:48:38.338] [INFO] default - application running on port 3000
[2017-09-22 19:48:55.887] [INFO] default - application running on port 3000
[2017-09-22 19:49:32.106] [INFO] default - application running on port 3000
[2017-09-22 19:49:38.575] [DEBUG] default - getting details
[2017-09-22 19:51:47.150] [INFO] default - application running on port 3000
[2017-09-22 19:51:54.696] [INFO] default - application running on port 3000
[2017-09-22 19:52:01.927] [DEBUG] default - currency
[2017-09-22 19:56:45.355] [INFO] default - application running on port 3000
<<<<<<< HEAD
[2017-09-23 08:41:46.406] [INFO] default - application running on port 3000
[2017-09-23 08:42:26.457] [INFO] default - application running on port 3000
=======
[2017-09-22 20:03:53.970] [INFO] default - application running on port 3000
[2017-09-22 20:16:03.578] [INFO] default - application running on port 3000
[2017-09-22 20:18:16.473] [INFO] default - application running on port 3000
[2017-09-23 09:21:57.841] [INFO] default - application running on port 3000
[2017-09-23 09:29:19.179] [INFO] default - application running on port 3000
>>>>>>> f8717ab7804587f49434f5835d8692e08770168a
[2017-09-23 10:24:00.896] [INFO] default - application running on port 3000
[2017-09-23 10:24:32.152] [INFO] default - application running on port 3000
[2017-09-23 10:35:10.350] [INFO] default - application running on port 3000
[2017-09-23 10:35:51.916] [INFO] default - application running on port 3000
[2017-09-23 10:37:33.270] [INFO] default - application running on port 3000
[2017-09-23 10:37:42.631] [INFO] default - application running on port 3000
[2017-09-23 10:38:24.377] [INFO] default - application running on port 3000
[2017-09-23 10:39:15.466] [INFO] default - application running on port 3000
